<?xml version="1.0" encoding="UTF-8"?>
<!-- Generated by org.testng.reporters.JUnitXMLReporter -->
<testsuite ignored="1" hostname="LAPTOP-R82UBKD0" failures="0" tests="1" name="Default test" time="7.643" errors="0" timestamp="2026-01-09T13:27:01 IST">
  <testcase classname="testscript.Logintest" name="loginWithBothInvalidCeredentials" time="1.922"/>
  <testcase classname="testscript.Logintest" name="loginWithValidCeredentials" time="0.0">
    <ignored/>
  </testcase> <!-- loginWithValidCeredentials -->
</testsuite> <!-- Default test -->
